<?xml version="1.0" encoding="UTF-8"?>
<!-- Generated by org.testng.reporters.JUnitXMLReporter -->
<testsuite ignored="0" hostname="SAKSOFT099PDC" failures="0" tests="3" name="Default test" time="1.12" errors="0" timestamp="2021-05-14T12:17:38 IST">
  <testcase classname="com.selenium.pagobject_test.FixedDepositTestCase" name="@BeforeTest beforeTest" time="1.045">
    <failure type="java.lang.NoSuchMethodError" message="&amp;apos;java.util.stream.Collector com.google.common.collect.ImmutableList.toImmutableList()&amp;apos;">
      <![CDATA[java.lang.NoSuchMethodError: 'java.util.stream.Collector com.google.common.collect.ImmutableList.toImmutableList()'
at org.openqa.selenium.chrome.ChromeOptions.asMap(ChromeOptions.java:246)
at org.openqa.selenium.remote.NewSessionPayload.create(NewSessionPayload.java:94)
at org.openqa.selenium.remote.ProtocolHandshake.createSession(ProtocolHandshake.java:68)
at org.openqa.selenium.remote.HttpCommandExecutor.execute(HttpCommandExecutor.java:139)
at org.openqa.selenium.remote.service.DriverCommandExecutor.execute(DriverCommandExecutor.java:83)
at org.openqa.selenium.remote.RemoteWebDriver.execute(RemoteWebDriver.java:577)
at org.openqa.selenium.remote.RemoteWebDriver.startSession(RemoteWebDriver.java:211)
at org.openqa.selenium.remote.RemoteWebDriver.<init>(RemoteWebDriver.java:131)
at org.openqa.selenium.chrome.ChromeDriver.<init>(ChromeDriver.java:189)
at org.openqa.selenium.chrome.ChromeDriver.<init>(ChromeDriver.java:176)
at org.openqa.selenium.chrome.ChromeDriver.<init>(ChromeDriver.java:131)
at com.selenium.pagobject.TestBase.openBrowser(TestBase.java:41)
at com.selenium.pagobject_test.FixedDepositTestCase.beforeTest(FixedDepositTestCase.java:22)
at java.base/jdk.internal.reflect.NativeMethodAccessorImpl.invoke0(Native Method)
at java.base/jdk.internal.reflect.NativeMethodAccessorImpl.invoke(NativeMethodAccessorImpl.java:62)
at java.base/jdk.internal.reflect.DelegatingMethodAccessorImpl.invoke(DelegatingMethodAccessorImpl.java:43)
at java.base/java.lang.reflect.Method.invoke(Method.java:566)
at org.testng.internal.MethodInvocationHelper.invokeMethod(MethodInvocationHelper.java:132)
at org.testng.internal.MethodInvocationHelper.invokeMethodConsideringTimeout(MethodInvocationHelper.java:61)
at org.testng.internal.ConfigInvoker.invokeConfigurationMethod(ConfigInvoker.java:366)
at org.testng.internal.ConfigInvoker.invokeConfigurations(ConfigInvoker.java:320)
at org.testng.TestRunner.invokeTestConfigurations(TestRunner.java:617)
at org.testng.TestRunner.beforeRun(TestRunner.java:607)
at org.testng.TestRunner.run(TestRunner.java:578)
at org.testng.SuiteRunner.runTest(SuiteRunner.java:384)
at org.testng.SuiteRunner.runSequentially(SuiteRunner.java:378)
at org.testng.SuiteRunner.privateRun(SuiteRunner.java:337)
at org.testng.SuiteRunner.run(SuiteRunner.java:286)
at org.testng.SuiteRunnerWorker.runSuite(SuiteRunnerWorker.java:53)
at org.testng.SuiteRunnerWorker.run(SuiteRunnerWorker.java:96)
at org.testng.TestNG.runSuitesSequentially(TestNG.java:1218)
at org.testng.TestNG.runSuitesLocally(TestNG.java:1140)
at org.testng.TestNG.runSuites(TestNG.java:1069)
at org.testng.TestNG.run(TestNG.java:1037)
at org.testng.remote.AbstractRemoteTestNG.run(AbstractRemoteTestNG.java:115)
at org.testng.remote.RemoteTestNG.initAndRun(RemoteTestNG.java:251)
at org.testng.remote.RemoteTestNG.main(RemoteTestNG.java:77)
]]>
    </failure>
  </testcase> <!-- @BeforeTest beforeTest -->
  <testcase classname="com.selenium.pagobject_test.FixedDepositTestCase" name="@AfterTest afterTest" time="-1.620974858923E9">
    <skipped/>
  </testcase> <!-- @AfterTest afterTest -->
  <testcase classname="com.selenium.pagobject_test.FixedDepositTestCase" name="fd_100000" time="0.0">
    <skipped/>
  </testcase> <!-- fd_100000 -->
  <testcase classname="com.selenium.pagobject_test.FixedDepositTestCase" name="fd_200000" time="0.0">
    <skipped/>
  </testcase> <!-- fd_200000 -->
  <testcase classname="com.selenium.pagobject_test.FixedDepositTestCase" name="fd_300000" time="0.0">
    <skipped/>
  </testcase> <!-- fd_300000 -->
</testsuite> <!-- Default test -->
