<?xml version="1.0" encoding="UTF-8"?>
<!-- Generated by org.testng.reporters.JUnitXMLReporter -->
<testsuite ignored="0" hostname="SAKSOFT099PDC" failures="0" tests="3" name="Blaze" time="11.246" errors="0" timestamp="2021-05-14T12:21:01 IST">
  <testcase classname="com.selenium.pagobject_test.BlazeTestCase" name="Blazedemo_flight" time="2.136"/>
  <testcase classname="com.selenium.pagobject_test.BlazeTestCase" name="Blazedemo_flight_Info" time="2.968"/>
  <testcase classname="com.selenium.pagobject_test.BlazeTestCase" name="Blazedemo_userInfo" time="2.675"/>
</testsuite> <!-- Blaze -->
