<?xml version="1.0" encoding="UTF-8"?>
<!-- Generated by org.testng.reporters.JUnitXMLReporter -->
<testsuite ignored="0" hostname="SAKSOFT099PDC" failures="0" tests="4" name="Calculator" time="15.376" errors="0" timestamp="2021-05-14T12:20:49 IST">
  <testcase classname="com.selenium.pagobject_test.CalulatorTestCase" name="Addition" time="5.165"/>
  <testcase classname="com.selenium.pagobject_test.CalulatorTestCase" name="Subtraction" time="2.368"/>
  <testcase classname="com.selenium.pagobject_test.CalulatorTestCase" name="Multiplication" time="2.331"/>
  <testcase classname="com.selenium.pagobject_test.CalulatorTestCase" name="Division" time="2.319"/>
</testsuite> <!-- Calculator -->
