<?xml version="1.0" encoding="UTF-8"?>
<!-- Generated by org.testng.reporters.JUnitXMLReporter -->
<testsuite ignored="0" hostname="SAKSOFT099PDC" failures="0" tests="3" name="Fixed Deposit" time="55.088" errors="0" timestamp="2021-05-14T12:20:34 IST">
  <testcase classname="com.selenium.pagobject_test.FixedDepositTestCase" name="fd_100000" time="35.36"/>
  <testcase classname="com.selenium.pagobject_test.FixedDepositTestCase" name="fd_200000" time="10.324"/>
  <testcase classname="com.selenium.pagobject_test.FixedDepositTestCase" name="fd_300000" time="5.16"/>
</testsuite> <!-- Fixed Deposit -->
