<?xml version="1.0" encoding="UTF-8"?>
<testng-results ignored="0" total="10" passed="10" failed="0" skipped="0">
  <reporter-output>
  </reporter-output>
  <suite started-at="2021-05-14T12:19:39 IST" name="Smoke_Test" finished-at="2021-05-14T12:21:01 IST" duration-ms="81786">
    <groups>
      <group name="Blaze">
        <method signature="BlazeTestCase.Blazedemo_flight()[pri:0, instance:com.selenium.pagobject_test.BlazeTestCase@2df9b86]" name="Blazedemo_flight" class="com.selenium.pagobject_test.BlazeTestCase"/>
        <method signature="BlazeTestCase.Blazedemo_flight_Info()[pri:1, instance:com.selenium.pagobject_test.BlazeTestCase@2df9b86]" name="Blazedemo_flight_Info" class="com.selenium.pagobject_test.BlazeTestCase"/>
        <method signature="BlazeTestCase.Blazedemo_userInfo()[pri:2, instance:com.selenium.pagobject_test.BlazeTestCase@2df9b86]" name="Blazedemo_userInfo" class="com.selenium.pagobject_test.BlazeTestCase"/>
      </group> <!-- Blaze -->
      <group name="Calculator">
        <method signature="CalulatorTestCase.Addition()[pri:0, instance:com.selenium.pagobject_test.CalulatorTestCase@6a84a97d]" name="Addition" class="com.selenium.pagobject_test.CalulatorTestCase"/>
        <method signature="CalulatorTestCase.Division()[pri:3, instance:com.selenium.pagobject_test.CalulatorTestCase@6a84a97d]" name="Division" class="com.selenium.pagobject_test.CalulatorTestCase"/>
        <method signature="CalulatorTestCase.Multiplication()[pri:2, instance:com.selenium.pagobject_test.CalulatorTestCase@6a84a97d]" name="Multiplication" class="com.selenium.pagobject_test.CalulatorTestCase"/>
        <method signature="CalulatorTestCase.Subtraction()[pri:1, instance:com.selenium.pagobject_test.CalulatorTestCase@6a84a97d]" name="Subtraction" class="com.selenium.pagobject_test.CalulatorTestCase"/>
      </group> <!-- Calculator -->
      <group name="Fixed Deposit">
        <method signature="FixedDepositTestCase.fd_100000()[pri:0, instance:com.selenium.pagobject_test.FixedDepositTestCase@346d61be]" name="fd_100000" class="com.selenium.pagobject_test.FixedDepositTestCase"/>
        <method signature="FixedDepositTestCase.fd_200000()[pri:1, instance:com.selenium.pagobject_test.FixedDepositTestCase@346d61be]" name="fd_200000" class="com.selenium.pagobject_test.FixedDepositTestCase"/>
        <method signature="FixedDepositTestCase.fd_300000()[pri:2, instance:com.selenium.pagobject_test.FixedDepositTestCase@346d61be]" name="fd_300000" class="com.selenium.pagobject_test.FixedDepositTestCase"/>
      </group> <!-- Fixed Deposit -->
    </groups>
    <test started-at="2021-05-14T12:19:39 IST" name="Fixed Deposit" finished-at="2021-05-14T12:20:34 IST" duration-ms="55088">
      <class name="com.selenium.pagobject_test.FixedDepositTestCase">
        <test-method is-config="true" signature="beforeTest()[pri:0, instance:com.selenium.pagobject_test.FixedDepositTestCase@346d61be]" started-at="2021-05-14T12:19:39 IST" name="beforeTest" finished-at="2021-05-14T12:19:42 IST" duration-ms="3503" status="PASS">
          <reporter-output>
          </reporter-output>
        </test-method> <!-- beforeTest -->
        <test-method signature="fd_100000()[pri:0, instance:com.selenium.pagobject_test.FixedDepositTestCase@346d61be]" started-at="2021-05-14T12:19:43 IST" name="fd_100000" description="Test case to verify fixed deposit for &#039;100000&#039;" finished-at="2021-05-14T12:20:18 IST" duration-ms="35360" status="PASS">
          <reporter-output>
          </reporter-output>
        </test-method> <!-- fd_100000 -->
        <test-method signature="fd_200000()[pri:1, instance:com.selenium.pagobject_test.FixedDepositTestCase@346d61be]" started-at="2021-05-14T12:20:18 IST" name="fd_200000" description="Test case to verify fixed deposit for &#039;200000&#039;" finished-at="2021-05-14T12:20:29 IST" duration-ms="10324" status="PASS">
          <reporter-output>
          </reporter-output>
        </test-method> <!-- fd_200000 -->
        <test-method signature="fd_300000()[pri:2, instance:com.selenium.pagobject_test.FixedDepositTestCase@346d61be]" started-at="2021-05-14T12:20:29 IST" name="fd_300000" description="Test case to verify fixed deposit for &#039;300000&#039;" finished-at="2021-05-14T12:20:34 IST" duration-ms="5160" status="PASS">
          <reporter-output>
          </reporter-output>
        </test-method> <!-- fd_300000 -->
        <test-method is-config="true" signature="afterTest()[pri:0, instance:com.selenium.pagobject_test.FixedDepositTestCase@346d61be]" started-at="2021-05-14T12:20:34 IST" name="afterTest" finished-at="2021-05-14T12:20:34 IST" duration-ms="0" status="PASS">
          <reporter-output>
          </reporter-output>
        </test-method> <!-- afterTest -->
      </class> <!-- com.selenium.pagobject_test.FixedDepositTestCase -->
    </test> <!-- Fixed Deposit -->
    <test started-at="2021-05-14T12:20:34 IST" name="Calculator" finished-at="2021-05-14T12:20:49 IST" duration-ms="15376">
      <class name="com.selenium.pagobject_test.CalulatorTestCase">
        <test-method is-config="true" signature="beforeTest()[pri:0, instance:com.selenium.pagobject_test.CalulatorTestCase@6a84a97d]" started-at="2021-05-14T12:20:34 IST" name="beforeTest" finished-at="2021-05-14T12:20:37 IST" duration-ms="2569" status="PASS">
          <reporter-output>
          </reporter-output>
        </test-method> <!-- beforeTest -->
        <test-method signature="Addition()[pri:0, instance:com.selenium.pagobject_test.CalulatorTestCase@6a84a97d]" started-at="2021-05-14T12:20:37 IST" name="Addition" description="Test case to verify Addition " finished-at="2021-05-14T12:20:42 IST" duration-ms="5165" status="PASS">
          <reporter-output>
          </reporter-output>
        </test-method> <!-- Addition -->
        <test-method signature="Subtraction()[pri:1, instance:com.selenium.pagobject_test.CalulatorTestCase@6a84a97d]" started-at="2021-05-14T12:20:42 IST" name="Subtraction" description="Test case to verify Subtraction " finished-at="2021-05-14T12:20:44 IST" duration-ms="2368" status="PASS">
          <reporter-output>
          </reporter-output>
        </test-method> <!-- Subtraction -->
        <test-method signature="Multiplication()[pri:2, instance:com.selenium.pagobject_test.CalulatorTestCase@6a84a97d]" started-at="2021-05-14T12:20:45 IST" name="Multiplication" description="Test case to verify Multiplication " finished-at="2021-05-14T12:20:47 IST" duration-ms="2331" status="PASS">
          <reporter-output>
          </reporter-output>
        </test-method> <!-- Multiplication -->
        <test-method signature="Division()[pri:3, instance:com.selenium.pagobject_test.CalulatorTestCase@6a84a97d]" started-at="2021-05-14T12:20:47 IST" name="Division" description="Test case to verify Division " finished-at="2021-05-14T12:20:49 IST" duration-ms="2319" status="PASS">
          <reporter-output>
          </reporter-output>
        </test-method> <!-- Division -->
        <test-method is-config="true" signature="afterTest()[pri:0, instance:com.selenium.pagobject_test.CalulatorTestCase@6a84a97d]" started-at="2021-05-14T12:20:49 IST" name="afterTest" finished-at="2021-05-14T12:20:49 IST" duration-ms="0" status="PASS">
          <reporter-output>
          </reporter-output>
        </test-method> <!-- afterTest -->
      </class> <!-- com.selenium.pagobject_test.CalulatorTestCase -->
    </test> <!-- Calculator -->
    <test started-at="2021-05-14T12:20:49 IST" name="Blaze" finished-at="2021-05-14T12:21:01 IST" duration-ms="11246">
      <class name="com.selenium.pagobject_test.BlazeTestCase">
        <test-method is-config="true" signature="beforeTest()[pri:0, instance:com.selenium.pagobject_test.BlazeTestCase@2df9b86]" started-at="2021-05-14T12:20:49 IST" name="beforeTest" finished-at="2021-05-14T12:20:52 IST" duration-ms="3000" status="PASS">
          <reporter-output>
          </reporter-output>
        </test-method> <!-- beforeTest -->
        <test-method signature="Blazedemo_flight()[pri:0, instance:com.selenium.pagobject_test.BlazeTestCase@2df9b86]" started-at="2021-05-14T12:20:52 IST" name="Blazedemo_flight" description="Test to select flight from and to functioanlity" finished-at="2021-05-14T12:20:55 IST" duration-ms="2136" status="PASS">
          <reporter-output>
          </reporter-output>
        </test-method> <!-- Blazedemo_flight -->
        <test-method signature="Blazedemo_flight_Info()[pri:1, instance:com.selenium.pagobject_test.BlazeTestCase@2df9b86]" started-at="2021-05-14T12:20:55 IST" name="Blazedemo_flight_Info" description="Test to verify flight from and to - detail functioanlity" finished-at="2021-05-14T12:20:58 IST" duration-ms="2968" status="PASS">
          <reporter-output>
          </reporter-output>
        </test-method> <!-- Blazedemo_flight_Info -->
        <test-method signature="Blazedemo_userInfo()[pri:2, instance:com.selenium.pagobject_test.BlazeTestCase@2df9b86]" started-at="2021-05-14T12:20:58 IST" name="Blazedemo_userInfo" description="Test to verify flight price and tax with user info functioanlity" finished-at="2021-05-14T12:21:01 IST" duration-ms="2675" status="PASS">
          <reporter-output>
          </reporter-output>
        </test-method> <!-- Blazedemo_userInfo -->
        <test-method is-config="true" signature="afterTest()[pri:0, instance:com.selenium.pagobject_test.BlazeTestCase@2df9b86]" started-at="2021-05-14T12:21:01 IST" name="afterTest" finished-at="2021-05-14T12:21:01 IST" duration-ms="0" status="PASS">
          <reporter-output>
          </reporter-output>
        </test-method> <!-- afterTest -->
      </class> <!-- com.selenium.pagobject_test.BlazeTestCase -->
    </test> <!-- Blaze -->
  </suite> <!-- Smoke_Test -->
</testng-results>
